<?xml version="1.0" encoding="UTF-8"?>
<testng-results ignored="0" total="1" passed="1" failed="0" skipped="0">
  <reporter-output>
  </reporter-output>
  <suite started-at="2023-05-23T17:01:35 IST" name="Default suite" finished-at="2023-05-23T17:01:37 IST" duration-ms="2118">
    <groups>
    </groups>
    <test started-at="2023-05-23T17:01:35 IST" name="Default test" finished-at="2023-05-23T17:01:37 IST" duration-ms="2118">
      <class name="RestAssured.RestAssuredAPITest">
        <test-method signature="GetBooksDetails()[pri:0, instance:RestAssured.RestAssuredAPITest@62e7f11d]" started-at="2023-05-23T17:01:35 IST" name="GetBooksDetails" finished-at="2023-05-23T17:01:37 IST" duration-ms="2077" status="PASS">
          <reporter-output>
          </reporter-output>
        </test-method> <!-- GetBooksDetails -->
      </class> <!-- RestAssured.RestAssuredAPITest -->
    </test> <!-- Default test -->
  </suite> <!-- Default suite -->
</testng-results>
